#
# There is insufficient memory for the Java Runtime Environment to continue.
# Native memory allocation (mmap) failed to map 39845888 bytes for committing reserved memory.
# Possible reasons:
#   The system is out of physical RAM or swap space
#   In 32 bit mode, the process size limit was hit
# Possible solutions:
#   Reduce memory load on the system
#   Increase physical memory or swap space
#   Check if swap backing store is full
#   Use 64 bit Java on a 64 bit OS
#   Decrease Java heap size (-Xmx/-Xms)
#   Decrease number of Java threads
#   Decrease Java thread stack sizes (-Xss)
#   Set larger code cache with -XX:ReservedCodeCacheSize=
# This output file may be truncated or incomplete.
#
#  Out of Memory Error (os_linux.cpp:2627), pid=3348, tid=139933895333632
#
# JRE version: Java(TM) SE Runtime Environment (8.0_71-b15) (build 1.8.0_71-b15)
# Java VM: Java HotSpot(TM) 64-Bit Server VM (25.71-b15 mixed mode linux-amd64 compressed oops)
# Failed to write core dump. Core dumps have been disabled. To enable core dumping, try "ulimit -c unlimited" before starting Java again
#

---------------  T H R E A D  ---------------

Current thread (0x00007f44f8073800):  VMThread [stack: 0x00007f44e60f9000,0x00007f44e61fa000] [id=3356]

Stack: [0x00007f44e60f9000,0x00007f44e61fa000],  sp=0x00007f44e61f7fe0,  free space=1019k
Native frames: (J=compiled Java code, j=interpreted, Vv=VM code, C=native code)
V  [libjvm.so+0xaba71a]  VMError::report_and_die()+0x2ba
V  [libjvm.so+0x4f9ecb]  report_vm_out_of_memory(char const*, int, unsigned long, VMErrorType, char const*)+0x8b
V  [libjvm.so+0x91b553]  os::Linux::commit_memory_impl(char*, unsigned long, bool)+0x103
V  [libjvm.so+0x91baa9]  os::pd_commit_memory(char*, unsigned long, unsigned long, bool)+0x29
V  [libjvm.so+0x915dba]  os::commit_memory(char*, unsigned long, unsigned long, bool)+0x2a
V  [libjvm.so+0x989463]  PSVirtualSpace::expand_by(unsigned long)+0x53
V  [libjvm.so+0x98a868]  PSYoungGen::resize_generation(unsigned long, unsigned long)+0xf8
V  [libjvm.so+0x9899c2]  PSYoungGen::resize(unsigned long, unsigned long)+0x22
V  [libjvm.so+0x986c9b]  PSScavenge::invoke_no_policy()+0xf3b
V  [libjvm.so+0x987421]  PSScavenge::invoke()+0x41
V  [libjvm.so+0x93f1b0]  ParallelScavengeHeap::failed_mem_allocate(unsigned long)+0x70
V  [libjvm.so+0xabc137]  VM_ParallelGCFailedAllocation::doit()+0x97
V  [libjvm.so+0xac3b65]  VM_Operation::evaluate()+0x55
V  [libjvm.so+0xac1f3a]  VMThread::evaluate_operation(VM_Operation*)+0xba
V  [libjvm.so+0xac22be]  VMThread::loop()+0x1ce
V  [libjvm.so+0xac2730]  VMThread::run()+0x70
V  [libjvm.so+0x91d918]  java_start(Thread*)+0x108

VM_Operation (0x00007f450003f5d0): ParallelGCFailedAllocation, mode: safepoint, requested by thread 0x00007f44f800a000


---------------  P R O C E S S  ---------------

Java Threads: ( => current thread )
  0x00007f44f8149000 JavaThread "pool-1-thread-4" [_thread_blocked, id=3368, stack(0x00007f44e4cb5000,0x00007f44e4db6000)]
  0x00007f44f8147000 JavaThread "pool-1-thread-3" [_thread_blocked, id=3367, stack(0x00007f44e4db6000,0x00007f44e4eb7000)]
  0x00007f44f8146000 JavaThread "pool-1-thread-2" [_thread_blocked, id=3366, stack(0x00007f44e4eb7000,0x00007f44e4fb8000)]
  0x00007f44f8143000 JavaThread "pool-2-thread-1" [_thread_blocked, id=3365, stack(0x00007f44e4fb8000,0x00007f44e50b9000)]
  0x00007f44f8141000 JavaThread "pool-1-thread-1" [_thread_blocked, id=3364, stack(0x00007f44e50b9000,0x00007f44e51ba000)]
  0x00007f44f80c4800 JavaThread "Service Thread" daemon [_thread_blocked, id=3362, stack(0x00007f44e52e0000,0x00007f44e53e1000)]
  0x00007f44f80b8000 JavaThread "C1 CompilerThread1" daemon [_thread_blocked, id=3361, stack(0x00007f44e53e1000,0x00007f44e54e2000)]
  0x00007f44f80b5000 JavaThread "C2 CompilerThread0" daemon [_thread_blocked, id=3360, stack(0x00007f44e54e2000,0x00007f44e55e3000)]
  0x00007f44f80b3800 JavaThread "Signal Dispatcher" daemon [_thread_blocked, id=3359, stack(0x00007f44e55e3000,0x00007f44e56e4000)]
  0x00007f44f807b000 JavaThread "Finalizer" daemon [_thread_blocked, id=3358, stack(0x00007f44e5ef700